<?xml version="1.0" encoding="UTF-8"?>
<!-- Generated by org.testng.reporters.JUnitReportReporter -->
<testsuite hostname="Shyam" failures="0" tests="3" name="com.crm.qa.testcases.LoginPageTest" time="28.003" errors="0" timestamp="2022-10-10T13:39:13 GMT-04:00" skipped="0">
  <testcase classname="com.crm.qa.testcases.LoginPageTest" name="loginPageTitleTest" time="5.607"/>
  <system-out/>
  <testcase classname="com.crm.qa.testcases.LoginPageTest" name="crmLogoImageTest" time="6.498"/>
  <system-out/>
  <testcase classname="com.crm.qa.testcases.LoginPageTest" name="loginTest" time="15.898"/>
  <system-out/>
</testsuite> <!-- com.crm.qa.testcases.LoginPageTest -->
